2025-01-02 10:33:33,226 - INFO - Importing necessary libraries...
2025-01-02 10:33:33,942 - INFO - ...Library import complete.
2025-01-02 10:33:33,942 - INFO - ----------STARTING Single Model Deployment Pipeline----------
2025-01-02 10:33:33,942 - INFO - Genrating data for testing purposes...
2025-01-02 10:33:33,958 - INFO - ...Data has been generated for testing purposes.
2025-01-02 10:33:33,959 - INFO - Performing exploratory data analysis on the focused data...
2025-01-02 10:33:33,972 - INFO - ...Exploratory data analysis completed, results saved to: training_data_eda.txt
2025-01-02 10:33:33,972 - INFO - Preprocessing of the focus data for model_input
2025-01-02 10:33:33,999 - INFO - ...Preprocessing of the focus data for model input complete.
2025-01-02 10:33:33,999 - INFO - Evaluating the model population and returning the best performing model...
2025-01-02 10:33:45,949 - INFO - ...Model population has been evaluated, results saved to: singleModelDeploymentModelsOutput.txt.
2025-01-02 10:33:45,949 - INFO - Executing Model Comparison...
2025-01-02 10:33:45,949 - INFO - Saving best performing model to inference_model.pkl...
2025-01-02 10:33:46,002 - INFO - ...Best performing model saved for inference to inference_model.pkl.
2025-01-02 10:33:46,036 - INFO - Loading saved model inference_model.pkl for inference...
2025-01-02 10:33:46,049 - INFO - ...Loaded saved model inference_model.pkl for inference.
2025-01-02 10:33:46,049 - INFO - Genrating data for testing purposes...
2025-01-02 10:33:46,064 - INFO - ...Data has been generated for testing purposes.
2025-01-02 10:33:46,064 - INFO - Performing exploratory data analysis on the focused data...
2025-01-02 10:33:46,075 - INFO - ...Exploratory data analysis completed, results saved to: inference_data_eda.txt
2025-01-02 10:33:46,075 - INFO - Preprocessing of the focus data for model_input
2025-01-02 10:33:46,103 - INFO - ...Preprocessing of the focus data for model input complete.
2025-01-02 10:33:46,103 - INFO - Performing inference using loaded model...
2025-01-02 10:33:46,206 - INFO - ...Inference using loaded model complete.
2025-01-02 10:33:46,206 - INFO - Writing predictions results to output file: predictions_output.csv...
2025-01-02 10:33:46,213 - INFO - ----------COMPLETED Single Model Deployment Pipeline in 12.270540475845337 seconds---------
